<?xml version="1.0" encoding="UTF-8"?>
<!-- Generated by org.testng.reporters.JUnitReportReporter -->
<testsuite hostname="LAPTOP-PQDUMFKF" failures="0" tests="1" name="api.auto.test.DeleteUserTest" time="0.443" errors="0" timestamp="2025-03-07T13:13:24 ICT" skipped="0">
  <testcase classname="api.auto.test.DeleteUserTest" name="testDeleteUser" time="0.443"/>
  <system-out/>
</testsuite> <!-- api.auto.test.DeleteUserTest -->
