<?xml version="1.0" encoding="UTF-8"?>
<!-- Generated by org.testng.reporters.JUnitReportReporter -->
<testsuite hostname="LAPTOP-PQDUMFKF" failures="0" tests="1" name="api.auto.test.UpdateUserTest" time="0.566" errors="0" timestamp="2025-03-07T13:13:24 ICT" skipped="0">
  <testcase classname="api.auto.test.UpdateUserTest" name="testPatchUser" time="0.566"/>
  <system-out/>
</testsuite> <!-- api.auto.test.UpdateUserTest -->
